<?xml version="1.0" encoding="UTF-8"?>
<!-- Generated by org.testng.reporters.JUnitXMLReporter -->
<testsuite hostname="Divyas-MBP" tests="7" failures="0" timestamp="24 Sep 2022 13:43:33 GMT" time="130.853" errors="0">
  <testcase name="ErrorMessageVerification" time="5.958" classname="contact"/>
  <testcase name="contact_submit" time="16.887" classname="contact"/>
  <testcase name="contact_submit" time="4.339" classname="contact"/>
  <testcase name="contact_submit" time="12.58" classname="contact"/>
  <testcase name="contact_submit" time="3.653" classname="contact"/>
  <testcase name="contact_submit" time="16.559" classname="contact"/>
  <testcase name="Shopping" time="13.134" classname="contact"/>
</testsuite>
