<?xml version="1.0" encoding="UTF-8"?>
<testsuite name="TestSuite" time="25.376" tests="7" errors="0" skipped="0" failures="1">
  <properties>
[...]
</properties>
  <testcase name="ErrorMessageVerification" classname="contact" time="5.992"/>
  <testcase name="contact_submit" classname="contact" time="6.222"/>
  <testcase name="contact_submit" classname="contact" time="32.409">
    <failure message="no such element: Unable to locate element: {&quot;method&quot;:&quot;xpath&quot;,&quot;selector&quot;:&quot;//div[@class=&apos;alert alert-success&apos;]&quot;}&#10;  (Session info: chrome=105.0.5195.125)&#10;For documentation on this error, please visit: https://www.seleniumhq.org/exceptions/no_such_element.html&#10;Build info: version: &apos;3.141.59&apos;, revision: &apos;e82be7d358&apos;, time: &apos;2018-11-14T08:17:03&apos;&#10;System info: host: &apos;Divyas-MBP&apos;, ip: &apos;fe80:0:0:0:cfe:5e6b:7e6:1d9e%en0&apos;, os.name: &apos;Mac OS X&apos;, os.arch: &apos;x86_64&apos;, os.version: &apos;11.6.2&apos;, java.version: &apos;11.0.12&apos;&#10;Driver info: org.openqa.selenium.chrome.ChromeDriver&#10;Capabilities {acceptInsecureCerts: false, browserName: chrome, browserVersion: 105.0.5195.125, chrome: {chromedriverVersion: 105.0.5195.52 (412c95e51883..., userDataDir: /var/folders/31/llrj_f597hq...}, goog:chromeOptions: {debuggerAddress: localhost:52151}, javascriptEnabled: true, networkConnectionEnabled: false, pageLoadStrategy: normal, platform: MAC, platformName: MAC, proxy: Proxy(), setWindowRect: true, strictFileInteractability: false, timeouts: {implicit: 0, pageLoad: 300000, script: 30000}, unhandledPromptBehavior: dismiss and notify, webauthn:extension:credBlob: true, webauthn:extension:largeBlob: true, webauthn:virtualAuthenticators: true}&#10;Session ID: 7004e99dcc5b8dfc76051fb2e7f66ee4&#10;*** Element info: {Using=xpath, value=//div[@class=&apos;alert alert-success&apos;]}" type="org.openqa.selenium.NoSuchElementException">org.openqa.selenium.NoSuchElementException: no such element: Unable to locate element: {"method":"xpath","selector":"//div[@class='alert alert-success']"}
  (Session info: chrome=105.0.5195.125)
For documentation on this error, please visit: https://www.seleniumhq.org/exceptions/no_such_element.html
Build info: version: '3.141.59', revision: 'e82be7d358', time: '2018-11-14T08:17:03'
System info: host: 'Divyas-MBP', ip: 'fe80:0:0:0:cfe:5e6b:7e6:1d9e%en0', os.name: 'Mac OS X', os.arch: 'x86_64', os.version: '11.6.2', java.version: '11.0.12'
Driver info: org.openqa.selenium.chrome.ChromeDriver
Capabilities {acceptInsecureCerts: false, browserName: chrome, browserVersion: 105.0.5195.125, chrome: {chromedriverVersion: 105.0.5195.52 (412c95e51883..., userDataDir: /var/folders/31/llrj_f597hq...}, goog:chromeOptions: {debuggerAddress: localhost:52151}, javascriptEnabled: true, networkConnectionEnabled: false, pageLoadStrategy: normal, platform: MAC, platformName: MAC, proxy: Proxy(), setWindowRect: true, strictFileInteractability: false, timeouts: {implicit: 0, pageLoad: 300000, script: 30000}, unhandledPromptBehavior: dismiss and notify, webauthn:extension:credBlob: true, webauthn:extension:largeBlob: true, webauthn:virtualAuthenticators: true}
Session ID: 7004e99dcc5b8dfc76051fb2e7f66ee4
*** Element info: {Using=xpath, value=//div[@class='alert alert-success']}
	at java.base/jdk.internal.reflect.NativeConstructorAccessorImpl.newInstance0(Native Method)
	at java.base/jdk.internal.reflect.NativeConstructorAccessorImpl.newInstance(NativeConstructorAccessorImpl.java:62)
	at java.base/jdk.internal.reflect.DelegatingConstructorAccessorImpl.newInstance(DelegatingConstructorAccessorImpl.java:45)
	at java.base/java.lang.reflect.Constructor.newInstance(Constructor.java:490)
	at org.openqa.selenium.remote.http.W3CHttpResponseCodec.createException(W3CHttpResponseCodec.java:187)
	at org.openqa.selenium.remote.http.W3CHttpResponseCodec.decode(W3CHttpResponseCodec.java:122)
	at org.openqa.selenium.remote.http.W3CHttpResponseCodec.decode(W3CHttpResponseCodec.java:49)
	at org.openqa.selenium.remote.HttpCommandExecutor.execute(HttpCommandExecutor.java:158)
	at org.openqa.selenium.remote.service.DriverCommandExecutor.execute(DriverCommandExecutor.java:83)
	at org.openqa.selenium.remote.RemoteWebDriver.execute(RemoteWebDriver.java:552)
	at org.openqa.selenium.remote.RemoteWebDriver.findElement(RemoteWebDriver.java:323)
	at org.openqa.selenium.remote.RemoteWebDriver.findElementByXPath(RemoteWebDriver.java:428)
	at org.openqa.selenium.By$ByXPath.findElement(By.java:353)
	at org.openqa.selenium.remote.RemoteWebDriver.findElement(RemoteWebDriver.java:315)
	at contact.contact_submit(contact.java:54)
</failure>
    <system-err><![CDATA[Starting ChromeDriver 105.0.5195.52 (412c95e518836d8a7d97250d62b29c2ae6a26a85-refs/branch-heads/5195@{#853}) on port 10522
Only local connections are allowed.
Please see https://chromedriver.chromium.org/security-considerations for suggestions on keeping ChromeDriver safe.
ChromeDriver was started successfully.
]]></system-err>
  </testcase>
  <testcase name="contact_submit" classname="contact" time="5.845"/>
  <testcase name="contact_submit" classname="contact" time="3.976"/>
  <testcase name="contact_submit" classname="contact" time="4.531"/>
  <testcase name="Shopping" classname="contact" time="13.162"/>
</testsuite>