<?xml version="1.0" encoding="UTF-8"?>
<testng-results ignored="0" total="7" passed="6" failed="1" skipped="0">
  <reporter-output>
  </reporter-output>
  <suite started-at="2022-09-24T13:44:09Z" name="Default suite" finished-at="2022-09-24T13:46:19Z" duration-ms="129942">
    <groups>
    </groups>
    <test started-at="2022-09-24T13:44:09Z" name="Default test" finished-at="2022-09-24T13:46:19Z" duration-ms="129942">
      <class name="contact">
        <test-method is-config="true" signature="lanch()[pri:0, instance:contact@5abdb47b]" started-at="2022-09-24T13:44:09Z" name="lanch" finished-at="2022-09-24T13:44:18Z" duration-ms="9150" status="PASS">
          <reporter-output>
          </reporter-output>
        </test-method> <!-- lanch -->
        <test-method signature="ErrorMessageVerification()[pri:0, instance:contact@5abdb47b]" started-at="2022-09-24T13:44:18Z" name="ErrorMessageVerification" finished-at="2022-09-24T13:44:24Z" duration-ms="5991" status="PASS">
          <reporter-output>
          </reporter-output>
        </test-method> <!-- ErrorMessageVerification -->
        <test-method is-config="true" signature="close()[pri:0, instance:contact@5abdb47b]" started-at="2022-09-24T13:44:24Z" name="close" finished-at="2022-09-24T13:44:24Z" duration-ms="374" status="PASS">
          <reporter-output>
          </reporter-output>
        </test-method> <!-- close -->
        <test-method is-config="true" signature="lanch()[pri:0, instance:contact@5abdb47b]" started-at="2022-09-24T13:44:24Z" name="lanch" finished-at="2022-09-24T13:44:32Z" duration-ms="7628" status="PASS">
          <reporter-output>
          </reporter-output>
        </test-method> <!-- lanch -->
        <test-method signature="contact_submit()[pri:1, instance:contact@5abdb47b]" started-at="2022-09-24T13:44:32Z" name="contact_submit" finished-at="2022-09-24T13:44:38Z" duration-ms="6222" status="PASS">
          <reporter-output>
          </reporter-output>
        </test-method> <!-- contact_submit -->
        <test-method is-config="true" signature="close()[pri:0, instance:contact@5abdb47b]" started-at="2022-09-24T13:44:38Z" name="close" finished-at="2022-09-24T13:44:39Z" duration-ms="395" status="PASS">
          <reporter-output>
          </reporter-output>
        </test-method> <!-- close -->
        <test-method is-config="true" signature="lanch()[pri:0, instance:contact@5abdb47b]" started-at="2022-09-24T13:44:39Z" name="lanch" finished-at="2022-09-24T13:44:46Z" duration-ms="7630" status="PASS">
          <reporter-output>
          </reporter-output>
        </test-method> <!-- lanch -->
        <test-method signature="contact_submit()[pri:1, instance:contact@5abdb47b]" started-at="2022-09-24T13:44:46Z" name="contact_submit" finished-at="2022-09-24T13:45:19Z" duration-ms="32405" status="FAIL">
          <exception class="org.openqa.selenium.NoSuchElementException">
            <message>
              <![CDATA[no such element: Unable to locate element: {"method":"xpath","selector":"//div[@class='alert alert-success']"}
  (Session info: chrome=105.0.5195.125)
For documentation on this error, please visit: https://www.seleniumhq.org/exceptions/no_such_element.html
Build info: version: '3.141.59', revision: 'e82be7d358', time: '2018-11-14T08:17:03'
System info: host: 'Divyas-MBP', ip: 'fe80:0:0:0:cfe:5e6b:7e6:1d9e%en0', os.name: 'Mac OS X', os.arch: 'x86_64', os.version: '11.6.2', java.version: '11.0.12'
Driver info: org.openqa.selenium.chrome.ChromeDriver
Capabilities {acceptInsecureCerts: false, browserName: chrome, browserVersion: 105.0.5195.125, chrome: {chromedriverVersion: 105.0.5195.52 (412c95e51883..., userDataDir: /var/folders/31/llrj_f597hq...}, goog:chromeOptions: {debuggerAddress: localhost:52151}, javascriptEnabled: true, networkConnectionEnabled: false, pageLoadStrategy: normal, platform: MAC, platformName: MAC, proxy: Proxy(), setWindowRect: true, strictFileInteractability: false, timeouts: {implicit: 0, pageLoad: 300000, script: 30000}, unhandledPromptBehavior: dismiss and notify, webauthn:extension:credBlob: true, webauthn:extension:largeBlob: true, webauthn:virtualAuthenticators: true}
Session ID: 7004e99dcc5b8dfc76051fb2e7f66ee4
*** Element info: {Using=xpath, value=//div[@class='alert alert-success']}]]>
            </message>
            <full-stacktrace>
              <![CDATA[org.openqa.selenium.NoSuchElementException: no such element: Unable to locate element: {"method":"xpath","selector":"//div[@class='alert alert-success']"}
  (Session info: chrome=105.0.5195.125)
For documentation on this error, please visit: https://www.seleniumhq.org/exceptions/no_such_element.html
Build info: version: '3.141.59', revision: 'e82be7d358', time: '2018-11-14T08:17:03'
System info: host: 'Divyas-MBP', ip: 'fe80:0:0:0:cfe:5e6b:7e6:1d9e%en0', os.name: 'Mac OS X', os.arch: 'x86_64', os.version: '11.6.2', java.version: '11.0.12'
Driver info: org.openqa.selenium.chrome.ChromeDriver
Capabilities {acceptInsecureCerts: false, browserName: chrome, browserVersion: 105.0.5195.125, chrome: {chromedriverVersion: 105.0.5195.52 (412c95e51883..., userDataDir: /var/folders/31/llrj_f597hq...}, goog:chromeOptions: {debuggerAddress: localhost:52151}, javascriptEnabled: true, networkConnectionEnabled: false, pageLoadStrategy: normal, platform: MAC, platformName: MAC, proxy: Proxy(), setWindowRect: true, strictFileInteractability: false, timeouts: {implicit: 0, pageLoad: 300000, script: 30000}, unhandledPromptBehavior: dismiss and notify, webauthn:extension:credBlob: true, webauthn:extension:largeBlob: true, webauthn:virtualAuthenticators: true}
Session ID: 7004e99dcc5b8dfc76051fb2e7f66ee4
*** Element info: {Using=xpath, value=//div[@class='alert alert-success']}
at java.base/jdk.internal.reflect.NativeConstructorAccessorImpl.newInstance0(Native Method)
at java.base/jdk.internal.reflect.NativeConstructorAccessorImpl.newInstance(NativeConstructorAccessorImpl.java:62)
at java.base/jdk.internal.reflect.DelegatingConstructorAccessorImpl.newInstance(DelegatingConstructorAccessorImpl.java:45)
at java.base/java.lang.reflect.Constructor.newInstance(Constructor.java:490)
at org.openqa.selenium.remote.http.W3CHttpResponseCodec.createException(W3CHttpResponseCodec.java:187)
at org.openqa.selenium.remote.http.W3CHttpResponseCodec.decode(W3CHttpResponseCodec.java:122)
at org.openqa.selenium.remote.http.W3CHttpResponseCodec.decode(W3CHttpResponseCodec.java:49)
at org.openqa.selenium.remote.HttpCommandExecutor.execute(HttpCommandExecutor.java:158)
at org.openqa.selenium.remote.service.DriverCommandExecutor.execute(DriverCommandExecutor.java:83)
at org.openqa.selenium.remote.RemoteWebDriver.execute(RemoteWebDriver.java:552)
at org.openqa.selenium.remote.RemoteWebDriver.findElement(RemoteWebDriver.java:323)
at org.openqa.selenium.remote.RemoteWebDriver.findElementByXPath(RemoteWebDriver.java:428)
at org.openqa.selenium.By$ByXPath.findElement(By.java:353)
at org.openqa.selenium.remote.RemoteWebDriver.findElement(RemoteWebDriver.java:315)
at contact.contact_submit(contact.java:54)
at java.base/jdk.internal.reflect.NativeMethodAccessorImpl.invoke0(Native Method)
at java.base/jdk.internal.reflect.NativeMethodAccessorImpl.invoke(NativeMethodAccessorImpl.java:62)
at java.base/jdk.internal.reflect.DelegatingMethodAccessorImpl.invoke(DelegatingMethodAccessorImpl.java:43)
at java.base/java.lang.reflect.Method.invoke(Method.java:566)
at org.testng.internal.MethodInvocationHelper.invokeMethod(MethodInvocationHelper.java:124)
at org.testng.internal.Invoker.invokeMethod(Invoker.java:583)
at org.testng.internal.Invoker.invokeTestMethod(Invoker.java:719)
at org.testng.internal.Invoker.invokeTestMethods(Invoker.java:989)
at org.testng.internal.TestMethodWorker.invokeTestMethods(TestMethodWorker.java:125)
at org.testng.internal.TestMethodWorker.run(TestMethodWorker.java:109)
at org.testng.TestRunner.privateRun(TestRunner.java:648)
at org.testng.TestRunner.run(TestRunner.java:505)
at org.testng.SuiteRunner.runTest(SuiteRunner.java:455)
at org.testng.SuiteRunner.runSequentially(SuiteRunner.java:450)
at org.testng.SuiteRunner.privateRun(SuiteRunner.java:415)
at org.testng.SuiteRunner.run(SuiteRunner.java:364)
at org.testng.SuiteRunnerWorker.runSuite(SuiteRunnerWorker.java:52)
at org.testng.SuiteRunnerWorker.run(SuiteRunnerWorker.java:84)
at org.testng.TestNG.runSuitesSequentially(TestNG.java:1208)
at org.testng.TestNG.runSuitesLocally(TestNG.java:1137)
at org.testng.TestNG.runSuites(TestNG.java:1049)
at org.testng.TestNG.run(TestNG.java:1017)
at org.apache.maven.surefire.testng.TestNGExecutor.run(TestNGExecutor.java:295)
at org.apache.maven.surefire.testng.TestNGXmlTestSuite.execute(TestNGXmlTestSuite.java:84)
at org.apache.maven.surefire.testng.TestNGProvider.invoke(TestNGProvider.java:90)
at java.base/jdk.internal.reflect.NativeMethodAccessorImpl.invoke0(Native Method)
at java.base/jdk.internal.reflect.NativeMethodAccessorImpl.invoke(NativeMethodAccessorImpl.java:62)
at java.base/jdk.internal.reflect.DelegatingMethodAccessorImpl.invoke(DelegatingMethodAccessorImpl.java:43)
at java.base/java.lang.reflect.Method.invoke(Method.java:566)
at org.apache.maven.surefire.util.ReflectionUtils.invokeMethodWithArray2(ReflectionUtils.java:208)
at org.apache.maven.surefire.booter.ProviderFactory$ProviderProxy.invoke(ProviderFactory.java:155)
at org.apache.maven.surefire.booter.ProviderFactory.invokeProvider(ProviderFactory.java:81)
at org.apache.maven.plugin.surefire.InPluginVMSurefireStarter.runSuitesInProcess(InPluginVMSurefireStarter.java:82)
at org.apache.maven.plugin.surefire.AbstractSurefireMojo.executeProvider(AbstractSurefireMojo.java:974)
at org.apache.maven.plugin.surefire.AbstractSurefireMojo.executeAfterPreconditionsChecked(AbstractSurefireMojo.java:824)
at org.apache.maven.plugin.surefire.AbstractSurefireMojo.execute(AbstractSurefireMojo.java:722)
at org.apache.maven.plugin.DefaultBuildPluginManager.executeMojo(DefaultBuildPluginManager.java:137)
at org.apache.maven.lifecycle.internal.MojoExecutor.execute(MojoExecutor.java:210)
at org.apache.maven.lifecycle.internal.MojoExecutor.execute(MojoExecutor.java:156)
at org.apache.maven.lifecycle.internal.MojoExecutor.execute(MojoExecutor.java:148)
at org.apache.maven.lifecycle.internal.LifecycleModuleBuilder.buildProject(LifecycleModuleBuilder.java:117)
at org.apache.maven.lifecycle.internal.LifecycleModuleBuilder.buildProject(LifecycleModuleBuilder.java:81)
at org.apache.maven.lifecycle.internal.builder.singlethreaded.SingleThreadedBuilder.build(SingleThreadedBuilder.java:56)
at org.apache.maven.lifecycle.internal.LifecycleStarter.execute(LifecycleStarter.java:128)
at org.apache.maven.DefaultMaven.doExecute(DefaultMaven.java:305)
at org.apache.maven.DefaultMaven.doExecute(DefaultMaven.java:192)
at org.apache.maven.DefaultMaven.execute(DefaultMaven.java:105)
at org.jvnet.hudson.maven3.launcher.Maven35Launcher.main(Maven35Launcher.java:130)
at java.base/jdk.internal.reflect.NativeMethodAccessorImpl.invoke0(Native Method)
at java.base/jdk.internal.reflect.NativeMethodAccessorImpl.invoke(NativeMethodAccessorImpl.java:62)
at java.base/jdk.internal.reflect.DelegatingMethodAccessorImpl.invoke(DelegatingMethodAccessorImpl.java:43)
at java.base/java.lang.reflect.Method.invoke(Method.java:566)
at org.codehaus.plexus.classworlds.launcher.Launcher.launchEnhanced(Launcher.java:282)
at org.codehaus.plexus.classworlds.launcher.Launcher.launch(Launcher.java:225)
at jenkins.maven3.agent.Maven35Main.launch(Maven35Main.java:178)
at java.base/jdk.internal.reflect.NativeMethodAccessorImpl.invoke0(Native Method)
at java.base/jdk.internal.reflect.NativeMethodAccessorImpl.invoke(NativeMethodAccessorImpl.java:62)
at java.base/jdk.internal.reflect.DelegatingMethodAccessorImpl.invoke(DelegatingMethodAccessorImpl.java:43)
at java.base/java.lang.reflect.Method.invoke(Method.java:566)
at hudson.maven.Maven3Builder.call(Maven3Builder.java:139)
at hudson.maven.Maven3Builder.call(Maven3Builder.java:70)
at hudson.remoting.UserRequest.perform(UserRequest.java:211)
at hudson.remoting.UserRequest.perform(UserRequest.java:54)
at hudson.remoting.Request$2.run(Request.java:377)
at hudson.remoting.InterceptingExecutorService.lambda$wrap$0(InterceptingExecutorService.java:78)
at java.base/java.util.concurrent.FutureTask.run(FutureTask.java:264)
at java.base/java.util.concurrent.ThreadPoolExecutor.runWorker(ThreadPoolExecutor.java:1128)
at java.base/java.util.concurrent.ThreadPoolExecutor$Worker.run(ThreadPoolExecutor.java:628)
at java.base/java.lang.Thread.run(Thread.java:829)
]]>
            </full-stacktrace>
          </exception> <!-- org.openqa.selenium.NoSuchElementException -->
          <reporter-output>
          </reporter-output>
        </test-method> <!-- contact_submit -->
        <test-method is-config="true" signature="close()[pri:0, instance:contact@5abdb47b]" started-at="2022-09-24T13:45:19Z" name="close" finished-at="2022-09-24T13:45:19Z" duration-ms="368" status="PASS">
          <reporter-output>
          </reporter-output>
        </test-method> <!-- close -->
        <test-method is-config="true" signature="lanch()[pri:0, instance:contact@5abdb47b]" started-at="2022-09-24T13:45:19Z" name="lanch" finished-at="2022-09-24T13:45:27Z" duration-ms="7668" status="PASS">
          <reporter-output>
          </reporter-output>
        </test-method> <!-- lanch -->
        <test-method signature="contact_submit()[pri:1, instance:contact@5abdb47b]" started-at="2022-09-24T13:45:27Z" name="contact_submit" finished-at="2022-09-24T13:45:32Z" duration-ms="5845" status="PASS">
          <reporter-output>
          </reporter-output>
        </test-method> <!-- contact_submit -->
        <test-method is-config="true" signature="close()[pri:0, instance:contact@5abdb47b]" started-at="2022-09-24T13:45:32Z" name="close" finished-at="2022-09-24T13:45:33Z" duration-ms="340" status="PASS">
          <reporter-output>
          </reporter-output>
        </test-method> <!-- close -->
        <test-method is-config="true" signature="lanch()[pri:0, instance:contact@5abdb47b]" started-at="2022-09-24T13:45:33Z" name="lanch" finished-at="2022-09-24T13:45:40Z" duration-ms="7566" status="PASS">
          <reporter-output>
          </reporter-output>
        </test-method> <!-- lanch -->
        <test-method signature="contact_submit()[pri:1, instance:contact@5abdb47b]" started-at="2022-09-24T13:45:40Z" name="contact_submit" finished-at="2022-09-24T13:45:44Z" duration-ms="3976" status="PASS">
          <reporter-output>
          </reporter-output>
        </test-method> <!-- contact_submit -->
        <test-method is-config="true" signature="close()[pri:0, instance:contact@5abdb47b]" started-at="2022-09-24T13:45:44Z" name="close" finished-at="2022-09-24T13:45:45Z" duration-ms="376" status="PASS">
          <reporter-output>
          </reporter-output>
        </test-method> <!-- close -->
        <test-method is-config="true" signature="lanch()[pri:0, instance:contact@5abdb47b]" started-at="2022-09-24T13:45:45Z" name="lanch" finished-at="2022-09-24T13:45:53Z" duration-ms="7793" status="PASS">
          <reporter-output>
          </reporter-output>
        </test-method> <!-- lanch -->
        <test-method signature="contact_submit()[pri:1, instance:contact@5abdb47b]" started-at="2022-09-24T13:45:53Z" name="contact_submit" finished-at="2022-09-24T13:45:57Z" duration-ms="4531" status="PASS">
          <reporter-output>
          </reporter-output>
        </test-method> <!-- contact_submit -->
        <test-method is-config="true" signature="close()[pri:0, instance:contact@5abdb47b]" started-at="2022-09-24T13:45:57Z" name="close" finished-at="2022-09-24T13:45:57Z" duration-ms="355" status="PASS">
          <reporter-output>
          </reporter-output>
        </test-method> <!-- close -->
        <test-method is-config="true" signature="lanch()[pri:0, instance:contact@5abdb47b]" started-at="2022-09-24T13:45:57Z" name="lanch" finished-at="2022-09-24T13:46:05Z" duration-ms="7683" status="PASS">
          <reporter-output>
          </reporter-output>
        </test-method> <!-- lanch -->
        <test-method signature="Shopping()[pri:2, instance:contact@5abdb47b]" started-at="2022-09-24T13:46:05Z" name="Shopping" finished-at="2022-09-24T13:46:18Z" duration-ms="13162" status="PASS">
          <reporter-output>
          </reporter-output>
        </test-method> <!-- Shopping -->
        <test-method is-config="true" signature="close()[pri:0, instance:contact@5abdb47b]" started-at="2022-09-24T13:46:18Z" name="close" finished-at="2022-09-24T13:46:19Z" duration-ms="444" status="PASS">
          <reporter-output>
          </reporter-output>
        </test-method> <!-- close -->
      </class> <!-- contact -->
    </test> <!-- Default test -->
  </suite> <!-- Default suite -->
</testng-results>
