<?xml version="1.0" encoding="UTF-8"?>
<testng-results skipped="0" failed="0" total="7" passed="7">
  <reporter-output>
  </reporter-output>
  <suite name="Default suite" duration-ms="130853" started-at="2022-09-24T13:41:22Z" finished-at="2022-09-24T13:43:33Z">
    <groups>
    </groups>
    <test name="Default test" duration-ms="130853" started-at="2022-09-24T13:41:22Z" finished-at="2022-09-24T13:43:33Z">
      <class name="contact">
        <test-method status="PASS" signature="lanch()[pri:0, instance:contact@7dc36524]" name="lanch" is-config="true" duration-ms="9018" started-at="2022-09-24T23:41:22Z" finished-at="2022-09-24T23:41:31Z">
          <reporter-output>
          </reporter-output>
        </test-method> <!-- lanch -->
        <test-method status="PASS" signature="ErrorMessageVerification()[pri:0, instance:contact@7dc36524]" name="ErrorMessageVerification" duration-ms="5958" started-at="2022-09-24T23:41:31Z" finished-at="2022-09-24T23:41:37Z">
          <reporter-output>
          </reporter-output>
        </test-method> <!-- ErrorMessageVerification -->
        <test-method status="PASS" signature="close()[pri:0, instance:contact@7dc36524]" name="close" is-config="true" duration-ms="276" started-at="2022-09-24T23:41:37Z" finished-at="2022-09-24T23:41:37Z">
          <reporter-output>
          </reporter-output>
        </test-method> <!-- close -->
        <test-method status="PASS" signature="lanch()[pri:0, instance:contact@7dc36524]" name="lanch" is-config="true" duration-ms="7799" started-at="2022-09-24T23:41:37Z" finished-at="2022-09-24T23:41:45Z">
          <reporter-output>
          </reporter-output>
        </test-method> <!-- lanch -->
        <test-method status="PASS" signature="contact_submit()[pri:0, instance:contact@7dc36524]" name="contact_submit" duration-ms="16887" started-at="2022-09-24T23:41:45Z" finished-at="2022-09-24T23:42:02Z">
          <reporter-output>
          </reporter-output>
        </test-method> <!-- contact_submit -->
        <test-method status="PASS" signature="close()[pri:0, instance:contact@7dc36524]" name="close" is-config="true" duration-ms="448" started-at="2022-09-24T23:42:02Z" finished-at="2022-09-24T23:42:02Z">
          <reporter-output>
          </reporter-output>
        </test-method> <!-- close -->
        <test-method status="PASS" signature="lanch()[pri:0, instance:contact@7dc36524]" name="lanch" is-config="true" duration-ms="7805" started-at="2022-09-24T23:42:02Z" finished-at="2022-09-24T23:42:10Z">
          <reporter-output>
          </reporter-output>
        </test-method> <!-- lanch -->
        <test-method status="PASS" signature="contact_submit()[pri:0, instance:contact@7dc36524]" name="contact_submit" duration-ms="4339" started-at="2022-09-24T23:42:10Z" finished-at="2022-09-24T23:42:15Z">
          <reporter-output>
          </reporter-output>
        </test-method> <!-- contact_submit -->
        <test-method status="PASS" signature="close()[pri:0, instance:contact@7dc36524]" name="close" is-config="true" duration-ms="259" started-at="2022-09-24T23:42:15Z" finished-at="2022-09-24T23:42:15Z">
          <reporter-output>
          </reporter-output>
        </test-method> <!-- close -->
        <test-method status="PASS" signature="lanch()[pri:0, instance:contact@7dc36524]" name="lanch" is-config="true" duration-ms="7804" started-at="2022-09-24T23:42:15Z" finished-at="2022-09-24T23:42:23Z">
          <reporter-output>
          </reporter-output>
        </test-method> <!-- lanch -->
        <test-method status="PASS" signature="contact_submit()[pri:0, instance:contact@7dc36524]" name="contact_submit" duration-ms="12580" started-at="2022-09-24T23:42:23Z" finished-at="2022-09-24T23:42:35Z">
          <reporter-output>
          </reporter-output>
        </test-method> <!-- contact_submit -->
        <test-method status="PASS" signature="close()[pri:0, instance:contact@7dc36524]" name="close" is-config="true" duration-ms="364" started-at="2022-09-24T23:42:35Z" finished-at="2022-09-24T23:42:36Z">
          <reporter-output>
          </reporter-output>
        </test-method> <!-- close -->
        <test-method status="PASS" signature="lanch()[pri:0, instance:contact@7dc36524]" name="lanch" is-config="true" duration-ms="7652" started-at="2022-09-24T23:42:36Z" finished-at="2022-09-24T23:42:43Z">
          <reporter-output>
          </reporter-output>
        </test-method> <!-- lanch -->
        <test-method status="PASS" signature="contact_submit()[pri:0, instance:contact@7dc36524]" name="contact_submit" duration-ms="3653" started-at="2022-09-24T23:42:43Z" finished-at="2022-09-24T23:42:47Z">
          <reporter-output>
          </reporter-output>
        </test-method> <!-- contact_submit -->
        <test-method status="PASS" signature="close()[pri:0, instance:contact@7dc36524]" name="close" is-config="true" duration-ms="281" started-at="2022-09-24T23:42:47Z" finished-at="2022-09-24T23:42:47Z">
          <reporter-output>
          </reporter-output>
        </test-method> <!-- close -->
        <test-method status="PASS" signature="lanch()[pri:0, instance:contact@7dc36524]" name="lanch" is-config="true" duration-ms="7655" started-at="2022-09-24T23:42:47Z" finished-at="2022-09-24T23:42:55Z">
          <reporter-output>
          </reporter-output>
        </test-method> <!-- lanch -->
        <test-method status="PASS" signature="contact_submit()[pri:0, instance:contact@7dc36524]" name="contact_submit" duration-ms="16559" started-at="2022-09-24T23:42:55Z" finished-at="2022-09-24T23:43:11Z">
          <reporter-output>
          </reporter-output>
        </test-method> <!-- contact_submit -->
        <test-method status="PASS" signature="close()[pri:0, instance:contact@7dc36524]" name="close" is-config="true" duration-ms="346" started-at="2022-09-24T23:43:11Z" finished-at="2022-09-24T23:43:12Z">
          <reporter-output>
          </reporter-output>
        </test-method> <!-- close -->
        <test-method status="PASS" signature="lanch()[pri:0, instance:contact@7dc36524]" name="lanch" is-config="true" duration-ms="7638" started-at="2022-09-24T23:43:12Z" finished-at="2022-09-24T23:43:19Z">
          <reporter-output>
          </reporter-output>
        </test-method> <!-- lanch -->
        <test-method status="PASS" signature="Shopping()[pri:0, instance:contact@7dc36524]" name="Shopping" duration-ms="13134" started-at="2022-09-24T23:43:19Z" finished-at="2022-09-24T23:43:32Z">
          <reporter-output>
          </reporter-output>
        </test-method> <!-- Shopping -->
        <test-method status="PASS" signature="close()[pri:0, instance:contact@7dc36524]" name="close" is-config="true" duration-ms="339" started-at="2022-09-24T23:43:32Z" finished-at="2022-09-24T23:43:33Z">
          <reporter-output>
          </reporter-output>
        </test-method> <!-- close -->
      </class> <!-- contact -->
    </test> <!-- Default test -->
  </suite> <!-- Default suite -->
</testng-results>
